<?xml version="1.0" encoding="UTF-8"?>
<!-- Generated by org.testng.reporters.JUnitXMLReporter -->
<testsuite ignored="0" hostname="DESKTOP-MA4UJFN" failures="0" tests="5" name="OrangeHRM Tests" time="0.29" errors="0" timestamp="2025-08-24T18:51:09 IST">
  <testcase classname="com.orangehrm.base.BaseTest" name="@BeforeMethod setUp" time="-1.756041669579E9">
    <failure type="org.testng.TestNGException" message="
Parameter &amp;apos;browser&amp;apos; is required by BeforeMethod on method setUp but has not been marked @Optional or defined
in C:\Users\DELL\Desktop\orangehrm-automation\src\test\resources\testng.xml">
      <![CDATA[org.testng.TestNGException: 
Parameter 'browser' is required by BeforeMethod on method setUp but has not been marked @Optional or defined
in C:\Users\DELL\Desktop\orangehrm-automation\src\test\resources\testng.xml
at java.base/java.util.ArrayList.forEach(ArrayList.java:1604)
... Removed 28 stack frames]]>
    </failure>
  </testcase> <!-- @BeforeMethod setUp -->
  <testcase classname="com.orangehrm.base.BaseTest" name="@AfterMethod tearDown" time="0.0">
    <skipped/>
  </testcase> <!-- @AfterMethod tearDown -->
  <testcase classname="com.orangehrm.base.BaseTest" name="@BeforeMethod setUp" time="-1.756041669657E9">
    <failure type="org.testng.TestNGException" message="
Parameter &amp;apos;browser&amp;apos; is required by BeforeMethod on method setUp but has not been marked @Optional or defined
in C:\Users\DELL\Desktop\orangehrm-automation\src\test\resources\testng.xml">
      <![CDATA[org.testng.TestNGException: 
Parameter 'browser' is required by BeforeMethod on method setUp but has not been marked @Optional or defined
in C:\Users\DELL\Desktop\orangehrm-automation\src\test\resources\testng.xml
at java.base/java.util.ArrayList.forEach(ArrayList.java:1604)
... Removed 28 stack frames]]>
    </failure>
  </testcase> <!-- @BeforeMethod setUp -->
  <testcase classname="com.orangehrm.base.BaseTest" name="@AfterMethod tearDown" time="0.0">
    <skipped/>
  </testcase> <!-- @AfterMethod tearDown -->
  <testcase classname="com.orangehrm.base.BaseTest" name="@BeforeMethod setUp" time="0.0">
    <skipped/>
  </testcase> <!-- @BeforeMethod setUp -->
  <testcase classname="com.orangehrm.base.BaseTest" name="@AfterMethod tearDown" time="0.0">
    <skipped/>
  </testcase> <!-- @AfterMethod tearDown -->
  <testcase classname="com.orangehrm.base.BaseTest" name="@BeforeMethod setUp" time="0.0">
    <skipped/>
  </testcase> <!-- @BeforeMethod setUp -->
  <testcase classname="com.orangehrm.base.BaseTest" name="@AfterMethod tearDown" time="0.0">
    <skipped/>
  </testcase> <!-- @AfterMethod tearDown -->
  <testcase classname="com.orangehrm.base.BaseTest" name="@BeforeMethod setUp" time="0.0">
    <skipped/>
  </testcase> <!-- @BeforeMethod setUp -->
  <testcase classname="com.orangehrm.base.BaseTest" name="@AfterMethod tearDown" time="0.0">
    <skipped/>
  </testcase> <!-- @AfterMethod tearDown -->
  <testcase classname="com.orangehrm.tests.LoginTest" name="testAdminLogin" time="0.001">
    <skipped/>
  </testcase> <!-- testAdminLogin -->
  <testcase classname="com.orangehrm.tests.EmployeeTest" name="testAddMultipleEmployees" time="0.001">
    <skipped/>
  </testcase> <!-- testAddMultipleEmployees -->
  <testcase classname="com.orangehrm.tests.EmployeeTest" name="testAddEmployeeDataProvider" time="0.0">
    <skipped/>
  </testcase> <!-- testAddEmployeeDataProvider -->
  <testcase classname="com.orangehrm.tests.EmployeeTest" name="testAddEmployeeDataProvider" time="0.001">
    <skipped/>
  </testcase> <!-- testAddEmployeeDataProvider -->
  <testcase classname="com.orangehrm.tests.EmployeeTest" name="testSearchAndValidateEmployee" time="0.0">
    <skipped/>
  </testcase> <!-- testSearchAndValidateEmployee -->
</testsuite> <!-- OrangeHRM Tests -->
